  Source.cpp
C:\Users\Sagar\Desktop\Project4\Source.cpp(32,36): error C2143: syntax error: missing ',' before 'public'
C:\Users\Sagar\Desktop\Project4\Source.cpp(32,26): warning C4584: 'Rectangle': base-class 'AnyShape' is already a base-class of 'PaintPrice'
C:\Users\Sagar\Desktop\Project4\Source.cpp(4): message : see declaration of 'AnyShape'
C:\Users\Sagar\Desktop\Project4\Source.cpp(23): message : see declaration of 'PaintPrice'
C:\Users\Sagar\Desktop\Project4\Source.cpp(35,1): error C2385: ambiguous access of 'width'
C:\Users\Sagar\Desktop\Project4\Source.cpp(35,1): message : could be the 'width' in base 'AnyShape'
C:\Users\Sagar\Desktop\Project4\Source.cpp(35,1): message : or could be the 'width' in base 'AnyShape'
C:\Users\Sagar\Desktop\Project4\Source.cpp(35,1): error C2385: ambiguous access of 'height'
C:\Users\Sagar\Desktop\Project4\Source.cpp(35,1): message : could be the 'height' in base 'AnyShape'
C:\Users\Sagar\Desktop\Project4\Source.cpp(35,1): message : or could be the 'height' in base 'AnyShape'
C:\Users\Sagar\Desktop\Project4\Source.cpp(44,16): error C2385: ambiguous access of 'shapeWidth'
C:\Users\Sagar\Desktop\Project4\Source.cpp(44,16): message : could be the 'shapeWidth' in base 'AnyShape'
C:\Users\Sagar\Desktop\Project4\Source.cpp(44,16): message : or could be the 'shapeWidth' in base 'AnyShape'
C:\Users\Sagar\Desktop\Project4\Source.cpp(45,17): error C2385: ambiguous access of 'shapeHeight'
C:\Users\Sagar\Desktop\Project4\Source.cpp(45,17): message : could be the 'shapeHeight' in base 'AnyShape'
C:\Users\Sagar\Desktop\Project4\Source.cpp(45,17): message : or could be the 'shapeHeight' in base 'AnyShape'
C:\Users\Sagar\Desktop\Project4\Source.cpp(46,13): error C2385: ambiguous access of 'display'
C:\Users\Sagar\Desktop\Project4\Source.cpp(46,13): message : could be the 'display' in base 'AnyShape'
C:\Users\Sagar\Desktop\Project4\Source.cpp(46,13): message : or could be the 'display' in base 'AnyShape'
C:\Users\Sagar\Desktop\Project4\Source.cpp(46,14): error C2248: 'AnyShape::display': cannot access protected member declared in class 'AnyShape'
C:\Users\Sagar\Desktop\Project4\Source.cpp(19): message : see declaration of 'AnyShape::display'
C:\Users\Sagar\Desktop\Project4\Source.cpp(4): message : see declaration of 'AnyShape'
C:\Users\Sagar\Desktop\Project4\Source.cpp(49,52): error C2660: 'PaintPrice::paintCost': function does not take 0 arguments
C:\Users\Sagar\Desktop\Project4\Source.cpp(25,6): message : see declaration of 'PaintPrice::paintCost'
